<?xml version="1.0" encoding="UTF-8"?>
<!-- Generated by org.testng.reporters.JUnitReportReporter -->
<testsuite hostname="360NDCLP209" failures="0" tests="1" name="TestScripts.VerifyLoginGreetingsMessage" time="14.284" errors="0" timestamp="2021-08-02T17:55:58 IST" skipped="0">
  <testcase classname="TestScripts.VerifyLoginGreetingsMessage" name="verifyLoginGreetingsMessage" time="14.284"/>
  <system-out/>
</testsuite> <!-- TestScripts.VerifyLoginGreetingsMessage -->
