<?xml version="1.0" encoding="UTF-8"?>
<!-- Generated by org.testng.reporters.JUnitReportReporter -->
<testsuite hostname="360NDCLP209" failures="0" tests="1" name="TestScripts.VerifyCowboySearchAndSelect" time="33.073" errors="0" timestamp="2021-08-13T18:47:11 IST" skipped="0">
  <testcase classname="TestScripts.VerifyCowboySearchAndSelect" name="verifyCowboySearchAndSelect" time="33.073"/>
  <system-out/>
</testsuite> <!-- TestScripts.VerifyCowboySearchAndSelect -->
