<?xml version="1.0" encoding="UTF-8"?>
<!-- Generated by org.testng.reporters.JUnitReportReporter -->
<testsuite hostname="360NDCLP209" failures="0" tests="1" name="TestScripts.VerifyHomePageandLogin" time="15.428" errors="0" timestamp="2021-08-02T17:54:54 IST" skipped="0">
  <testcase classname="TestScripts.VerifyHomePageandLogin" name="checkValidHomePage" time="15.428"/>
  <system-out/>
</testsuite> <!-- TestScripts.VerifyHomePageandLogin -->
